<?xml version="1.0" encoding="UTF-8" standalone="no"?>
<testsuite failures="0" name="cucumber.runtime.formatter.JUnitFormatter" skipped="1" tests="1" time="0">
<testcase classname="Free CRM Application Test" name="Validate Free CRM Home Page Test" time="0">
<skipped><![CDATA[Given user opens browser....................................................undefined
Then user is on login page..................................................undefined
Then user logs into app.....................................................undefined
Then validate home page title...............................................undefined
]]></skipped>
</testcase>
</testsuite>
